{"__type":"$$EventMessageWorkflow","id":"d268eb85-0722-43ae-938f-41af1132d861","ts":"2025-09-16T11:14:10.869+00:00","eventName":"n8n.workflow.started","message":"n8n.workflow.started","payload":{"executionId":"55","workflowId":"N7rLTPGeamdIkxGf","isManual":false,"workflowName":"Tasks - Alteração"}}
{"__type":"$$EventMessageConfirm","confirm":"d268eb85-0722-43ae-938f-41af1132d861","ts":"2025-09-16T11:14:10.869+00:00","source":{"id":"0","name":"eventBus"}}
{"__type":"$$EventMessageNode","id":"d8db0ed9-93e4-4bb0-a0b7-2fdbbc915367","ts":"2025-09-16T11:14:10.870+00:00","eventName":"n8n.node.started","message":"n8n.node.started","payload":{"workflowId":"N7rLTPGeamdIkxGf","workflowName":"Tasks - Alteração","executionId":"55","nodeType":"n8n-nodes-base.notionTrigger","nodeName":"Notion Trigger","nodeId":"7685e600-f6a9-45e6-a8d2-c70def4b5802"}}
{"__type":"$$EventMessageConfirm","confirm":"d8db0ed9-93e4-4bb0-a0b7-2fdbbc915367","ts":"2025-09-16T11:14:10.870+00:00","source":{"id":"0","name":"eventBus"}}
{"__type":"$$EventMessageNode","id":"a862dd3b-3fde-488a-8409-33b2510472dc","ts":"2025-09-16T11:14:10.871+00:00","eventName":"n8n.node.finished","message":"n8n.node.finished","payload":{"workflowId":"N7rLTPGeamdIkxGf","workflowName":"Tasks - Alteração","executionId":"55","nodeType":"n8n-nodes-base.notionTrigger","nodeName":"Notion Trigger","nodeId":"7685e600-f6a9-45e6-a8d2-c70def4b5802"}}
{"__type":"$$EventMessageConfirm","confirm":"a862dd3b-3fde-488a-8409-33b2510472dc","ts":"2025-09-16T11:14:10.871+00:00","source":{"id":"0","name":"eventBus"}}
{"__type":"$$EventMessageNode","id":"f7437ab2-e154-4e8f-95aa-aea660d00cbd","ts":"2025-09-16T11:14:10.871+00:00","eventName":"n8n.node.started","message":"n8n.node.started","payload":{"workflowId":"N7rLTPGeamdIkxGf","workflowName":"Tasks - Alteração","executionId":"55","nodeType":"n8n-nodes-base.if","nodeName":"IF (Projeto Existe?)","nodeId":"9b9df2ce-eef6-4fd0-a24f-d7f819880981"}}
{"__type":"$$EventMessageConfirm","confirm":"f7437ab2-e154-4e8f-95aa-aea660d00cbd","ts":"2025-09-16T11:14:10.871+00:00","source":{"id":"0","name":"eventBus"}}
{"__type":"$$EventMessageNode","id":"71a5d83f-d455-4fee-88bf-02093ce99ab5","ts":"2025-09-16T07:14:10.892-04:00","eventName":"n8n.node.finished","message":"n8n.node.finished","payload":{"workflowId":"N7rLTPGeamdIkxGf","workflowName":"Tasks - Alteração","executionId":"55","nodeType":"n8n-nodes-base.if","nodeName":"IF (Projeto Existe?)","nodeId":"9b9df2ce-eef6-4fd0-a24f-d7f819880981"}}
{"__type":"$$EventMessageConfirm","confirm":"71a5d83f-d455-4fee-88bf-02093ce99ab5","ts":"2025-09-16T07:14:10.892-04:00","source":{"id":"0","name":"eventBus"}}
{"__type":"$$EventMessageWorkflow","id":"4bb0bcff-ec80-4d0b-94f7-c7915b6662cc","ts":"2025-09-16T07:14:10.893-04:00","eventName":"n8n.workflow.success","message":"n8n.workflow.success","payload":{"executionId":"55","success":true,"isManual":false,"workflowId":"N7rLTPGeamdIkxGf","workflowName":"Tasks - Alteração"}}
{"__type":"$$EventMessageConfirm","confirm":"4bb0bcff-ec80-4d0b-94f7-c7915b6662cc","ts":"2025-09-16T07:14:10.893-04:00","source":{"id":"0","name":"eventBus"}}
{"__type":"$$EventMessageWorkflow","id":"ba9d1d74-5bde-4766-9f72-2ff36e30e0a9","ts":"2025-09-16T07:14:25.148-04:00","eventName":"n8n.workflow.started","message":"n8n.workflow.started","payload":{"executionId":"56","workflowId":"b4C4iaUdQE2jC4CS","isManual":false,"workflowName":"Tasks - Novo"}}
{"__type":"$$EventMessageConfirm","confirm":"ba9d1d74-5bde-4766-9f72-2ff36e30e0a9","ts":"2025-09-16T07:14:25.148-04:00","source":{"id":"0","name":"eventBus"}}
{"__type":"$$EventMessageNode","id":"8a038a93-b0b8-4a24-a332-5c7ebbfa84eb","ts":"2025-09-16T07:14:25.148-04:00","eventName":"n8n.node.started","message":"n8n.node.started","payload":{"workflowId":"b4C4iaUdQE2jC4CS","workflowName":"Tasks - Novo","executionId":"56","nodeType":"n8n-nodes-base.notionTrigger","nodeName":"Notion Trigger","nodeId":"d6ae00c5-86ac-42e1-b3f2-33496733c059"}}
{"__type":"$$EventMessageConfirm","confirm":"8a038a93-b0b8-4a24-a332-5c7ebbfa84eb","ts":"2025-09-16T07:14:25.148-04:00","source":{"id":"0","name":"eventBus"}}
{"__type":"$$EventMessageNode","id":"b7ca66f6-1d73-4d9d-bafb-3c0c6dd5cd12","ts":"2025-09-16T07:14:25.148-04:00","eventName":"n8n.node.finished","message":"n8n.node.finished","payload":{"workflowId":"b4C4iaUdQE2jC4CS","workflowName":"Tasks - Novo","executionId":"56","nodeType":"n8n-nodes-base.notionTrigger","nodeName":"Notion Trigger","nodeId":"d6ae00c5-86ac-42e1-b3f2-33496733c059"}}
{"__type":"$$EventMessageConfirm","confirm":"b7ca66f6-1d73-4d9d-bafb-3c0c6dd5cd12","ts":"2025-09-16T07:14:25.148-04:00","source":{"id":"0","name":"eventBus"}}
{"__type":"$$EventMessageNode","id":"70a837db-faca-4a80-9da1-01ec105efd04","ts":"2025-09-16T07:14:25.148-04:00","eventName":"n8n.node.started","message":"n8n.node.started","payload":{"workflowId":"b4C4iaUdQE2jC4CS","workflowName":"Tasks - Novo","executionId":"56","nodeType":"n8n-nodes-base.if","nodeName":"If","nodeId":"637d1816-8cfa-4680-b730-0a7a004aacc0"}}
{"__type":"$$EventMessageConfirm","confirm":"70a837db-faca-4a80-9da1-01ec105efd04","ts":"2025-09-16T07:14:25.148-04:00","source":{"id":"0","name":"eventBus"}}
{"__type":"$$EventMessageNode","id":"91168345-7963-4c4b-8088-b3892e6556a7","ts":"2025-09-16T07:14:25.150-04:00","eventName":"n8n.node.finished","message":"n8n.node.finished","payload":{"workflowId":"b4C4iaUdQE2jC4CS","workflowName":"Tasks - Novo","executionId":"56","nodeType":"n8n-nodes-base.if","nodeName":"If","nodeId":"637d1816-8cfa-4680-b730-0a7a004aacc0"}}
{"__type":"$$EventMessageConfirm","confirm":"91168345-7963-4c4b-8088-b3892e6556a7","ts":"2025-09-16T07:14:25.150-04:00","source":{"id":"0","name":"eventBus"}}
{"__type":"$$EventMessageNode","id":"c571b6f8-ff84-464f-8589-3fa0343da76d","ts":"2025-09-16T07:14:25.150-04:00","eventName":"n8n.node.started","message":"n8n.node.started","payload":{"workflowId":"b4C4iaUdQE2jC4CS","workflowName":"Tasks - Novo","executionId":"56","nodeType":"n8n-nodes-base.notion","nodeName":"Get a database page","nodeId":"0e1cefff-b7a3-4805-a7ae-4ecdb64d3e9e"}}
{"__type":"$$EventMessageConfirm","confirm":"c571b6f8-ff84-464f-8589-3fa0343da76d","ts":"2025-09-16T07:14:25.150-04:00","source":{"id":"0","name":"eventBus"}}
{"__type":"$$EventMessageNode","id":"06af5ead-1f7d-4ddc-972a-5f5a0de37493","ts":"2025-09-16T07:14:25.630-04:00","eventName":"n8n.node.finished","message":"n8n.node.finished","payload":{"workflowId":"b4C4iaUdQE2jC4CS","workflowName":"Tasks - Novo","executionId":"56","nodeType":"n8n-nodes-base.notion","nodeName":"Get a database page","nodeId":"0e1cefff-b7a3-4805-a7ae-4ecdb64d3e9e"}}
{"__type":"$$EventMessageConfirm","confirm":"06af5ead-1f7d-4ddc-972a-5f5a0de37493","ts":"2025-09-16T07:14:25.630-04:00","source":{"id":"0","name":"eventBus"}}
{"__type":"$$EventMessageNode","id":"eac8e16f-f2d2-468a-a38b-b9c762a83f74","ts":"2025-09-16T07:14:25.630-04:00","eventName":"n8n.node.started","message":"n8n.node.started","payload":{"workflowId":"b4C4iaUdQE2jC4CS","workflowName":"Tasks - Novo","executionId":"56","nodeType":"n8n-nodes-base.httpRequest","nodeName":"Tasks - Novo","nodeId":"d22b9aec-0565-4099-8b54-0c0bdd1a394e"}}
{"__type":"$$EventMessageConfirm","confirm":"eac8e16f-f2d2-468a-a38b-b9c762a83f74","ts":"2025-09-16T07:14:25.630-04:00","source":{"id":"0","name":"eventBus"}}
{"__type":"$$EventMessageNode","id":"548efabc-ad13-4399-9153-8013dc577b2b","ts":"2025-09-16T07:14:26.176-04:00","eventName":"n8n.node.finished","message":"n8n.node.finished","payload":{"workflowId":"b4C4iaUdQE2jC4CS","workflowName":"Tasks - Novo","executionId":"56","nodeType":"n8n-nodes-base.httpRequest","nodeName":"Tasks - Novo","nodeId":"d22b9aec-0565-4099-8b54-0c0bdd1a394e"}}
{"__type":"$$EventMessageConfirm","confirm":"548efabc-ad13-4399-9153-8013dc577b2b","ts":"2025-09-16T07:14:26.176-04:00","source":{"id":"0","name":"eventBus"}}
{"__type":"$$EventMessageWorkflow","id":"4cf7b98d-3dff-4085-8737-2d26fe88cf8c","ts":"2025-09-16T07:14:26.176-04:00","eventName":"n8n.workflow.success","message":"n8n.workflow.success","payload":{"executionId":"56","success":true,"isManual":false,"workflowId":"b4C4iaUdQE2jC4CS","workflowName":"Tasks - Novo"}}
{"__type":"$$EventMessageConfirm","confirm":"4cf7b98d-3dff-4085-8737-2d26fe88cf8c","ts":"2025-09-16T07:14:26.176-04:00","source":{"id":"0","name":"eventBus"}}
{"__type":"$$EventMessageWorkflow","id":"408ead96-e672-4d10-861d-eb03128dd9ea","ts":"2025-09-16T07:59:12.847-04:00","eventName":"n8n.workflow.started","message":"n8n.workflow.started","payload":{"executionId":"57","workflowId":"N7rLTPGeamdIkxGf","isManual":false,"workflowName":"Tasks - Alteração"}}
{"__type":"$$EventMessageConfirm","confirm":"408ead96-e672-4d10-861d-eb03128dd9ea","ts":"2025-09-16T07:59:12.847-04:00","source":{"id":"0","name":"eventBus"}}
{"__type":"$$EventMessageNode","id":"06e233dc-fffd-4f7e-8e8c-8c1811038f71","ts":"2025-09-16T07:59:12.847-04:00","eventName":"n8n.node.started","message":"n8n.node.started","payload":{"workflowId":"N7rLTPGeamdIkxGf","workflowName":"Tasks - Alteração","executionId":"57","nodeType":"n8n-nodes-base.notionTrigger","nodeName":"Notion Trigger","nodeId":"7685e600-f6a9-45e6-a8d2-c70def4b5802"}}
{"__type":"$$EventMessageConfirm","confirm":"06e233dc-fffd-4f7e-8e8c-8c1811038f71","ts":"2025-09-16T07:59:12.847-04:00","source":{"id":"0","name":"eventBus"}}
{"__type":"$$EventMessageNode","id":"5b215a77-7157-43b3-b3aa-2eac64504090","ts":"2025-09-16T07:59:12.848-04:00","eventName":"n8n.node.finished","message":"n8n.node.finished","payload":{"workflowId":"N7rLTPGeamdIkxGf","workflowName":"Tasks - Alteração","executionId":"57","nodeType":"n8n-nodes-base.notionTrigger","nodeName":"Notion Trigger","nodeId":"7685e600-f6a9-45e6-a8d2-c70def4b5802"}}
{"__type":"$$EventMessageConfirm","confirm":"5b215a77-7157-43b3-b3aa-2eac64504090","ts":"2025-09-16T07:59:12.848-04:00","source":{"id":"0","name":"eventBus"}}
{"__type":"$$EventMessageNode","id":"8a29593a-3815-48da-85d9-1faa9913bb11","ts":"2025-09-16T07:59:12.848-04:00","eventName":"n8n.node.started","message":"n8n.node.started","payload":{"workflowId":"N7rLTPGeamdIkxGf","workflowName":"Tasks - Alteração","executionId":"57","nodeType":"n8n-nodes-base.if","nodeName":"IF (Projeto Existe?)","nodeId":"9b9df2ce-eef6-4fd0-a24f-d7f819880981"}}
{"__type":"$$EventMessageConfirm","confirm":"8a29593a-3815-48da-85d9-1faa9913bb11","ts":"2025-09-16T07:59:12.848-04:00","source":{"id":"0","name":"eventBus"}}
{"__type":"$$EventMessageNode","id":"15d6d2e5-4d73-41a5-b049-6d2636c338d5","ts":"2025-09-16T07:59:12.851-04:00","eventName":"n8n.node.finished","message":"n8n.node.finished","payload":{"workflowId":"N7rLTPGeamdIkxGf","workflowName":"Tasks - Alteração","executionId":"57","nodeType":"n8n-nodes-base.if","nodeName":"IF (Projeto Existe?)","nodeId":"9b9df2ce-eef6-4fd0-a24f-d7f819880981"}}
{"__type":"$$EventMessageConfirm","confirm":"15d6d2e5-4d73-41a5-b049-6d2636c338d5","ts":"2025-09-16T07:59:12.851-04:00","source":{"id":"0","name":"eventBus"}}
{"__type":"$$EventMessageWorkflow","id":"a3977c98-729c-443b-af07-a9dbd34e476b","ts":"2025-09-16T07:59:12.852-04:00","eventName":"n8n.workflow.success","message":"n8n.workflow.success","payload":{"executionId":"57","success":true,"isManual":false,"workflowId":"N7rLTPGeamdIkxGf","workflowName":"Tasks - Alteração"}}
{"__type":"$$EventMessageConfirm","confirm":"a3977c98-729c-443b-af07-a9dbd34e476b","ts":"2025-09-16T07:59:12.852-04:00","source":{"id":"0","name":"eventBus"}}
{"__type":"$$EventMessageWorkflow","id":"724c3616-7dc5-40b3-8b7f-ca44c481e766","ts":"2025-09-16T07:59:22.824-04:00","eventName":"n8n.workflow.started","message":"n8n.workflow.started","payload":{"executionId":"58","workflowId":"b4C4iaUdQE2jC4CS","isManual":false,"workflowName":"Tasks - Novo"}}
{"__type":"$$EventMessageConfirm","confirm":"724c3616-7dc5-40b3-8b7f-ca44c481e766","ts":"2025-09-16T07:59:22.824-04:00","source":{"id":"0","name":"eventBus"}}
{"__type":"$$EventMessageNode","id":"6eef55a1-a5fa-415a-9c62-4925c9302301","ts":"2025-09-16T07:59:22.825-04:00","eventName":"n8n.node.started","message":"n8n.node.started","payload":{"workflowId":"b4C4iaUdQE2jC4CS","workflowName":"Tasks - Novo","executionId":"58","nodeType":"n8n-nodes-base.notionTrigger","nodeName":"Notion Trigger","nodeId":"d6ae00c5-86ac-42e1-b3f2-33496733c059"}}
{"__type":"$$EventMessageConfirm","confirm":"6eef55a1-a5fa-415a-9c62-4925c9302301","ts":"2025-09-16T07:59:22.825-04:00","source":{"id":"0","name":"eventBus"}}
{"__type":"$$EventMessageNode","id":"8e08b568-03ab-4a4e-b72e-caf6449359cc","ts":"2025-09-16T07:59:22.825-04:00","eventName":"n8n.node.finished","message":"n8n.node.finished","payload":{"workflowId":"b4C4iaUdQE2jC4CS","workflowName":"Tasks - Novo","executionId":"58","nodeType":"n8n-nodes-base.notionTrigger","nodeName":"Notion Trigger","nodeId":"d6ae00c5-86ac-42e1-b3f2-33496733c059"}}
{"__type":"$$EventMessageConfirm","confirm":"8e08b568-03ab-4a4e-b72e-caf6449359cc","ts":"2025-09-16T07:59:22.825-04:00","source":{"id":"0","name":"eventBus"}}
{"__type":"$$EventMessageNode","id":"4685ccf7-6270-410a-9b6c-9c1c95937063","ts":"2025-09-16T07:59:22.825-04:00","eventName":"n8n.node.started","message":"n8n.node.started","payload":{"workflowId":"b4C4iaUdQE2jC4CS","workflowName":"Tasks - Novo","executionId":"58","nodeType":"n8n-nodes-base.if","nodeName":"If","nodeId":"637d1816-8cfa-4680-b730-0a7a004aacc0"}}
{"__type":"$$EventMessageConfirm","confirm":"4685ccf7-6270-410a-9b6c-9c1c95937063","ts":"2025-09-16T07:59:22.825-04:00","source":{"id":"0","name":"eventBus"}}
{"__type":"$$EventMessageNode","id":"17acff12-a1b8-404f-9b56-47d530155983","ts":"2025-09-16T07:59:22.827-04:00","eventName":"n8n.node.finished","message":"n8n.node.finished","payload":{"workflowId":"b4C4iaUdQE2jC4CS","workflowName":"Tasks - Novo","executionId":"58","nodeType":"n8n-nodes-base.if","nodeName":"If","nodeId":"637d1816-8cfa-4680-b730-0a7a004aacc0"}}
{"__type":"$$EventMessageConfirm","confirm":"17acff12-a1b8-404f-9b56-47d530155983","ts":"2025-09-16T07:59:22.827-04:00","source":{"id":"0","name":"eventBus"}}
{"__type":"$$EventMessageWorkflow","id":"22d8b86e-3569-42be-b549-b8ed587f3b60","ts":"2025-09-16T07:59:22.827-04:00","eventName":"n8n.workflow.success","message":"n8n.workflow.success","payload":{"executionId":"58","success":true,"isManual":false,"workflowId":"b4C4iaUdQE2jC4CS","workflowName":"Tasks - Novo"}}
{"__type":"$$EventMessageConfirm","confirm":"22d8b86e-3569-42be-b549-b8ed587f3b60","ts":"2025-09-16T07:59:22.827-04:00","source":{"id":"0","name":"eventBus"}}
{"__type":"$$EventMessageWorkflow","id":"5ae647c4-ad67-4a77-9a47-8cb75d106069","ts":"2025-09-16T08:01:13.224-04:00","eventName":"n8n.workflow.started","message":"n8n.workflow.started","payload":{"executionId":"59","workflowId":"N7rLTPGeamdIkxGf","isManual":false,"workflowName":"Tasks - Alteração"}}
{"__type":"$$EventMessageConfirm","confirm":"5ae647c4-ad67-4a77-9a47-8cb75d106069","ts":"2025-09-16T08:01:13.224-04:00","source":{"id":"0","name":"eventBus"}}
{"__type":"$$EventMessageNode","id":"cfbc25d8-3f88-42f9-934c-4a7f05e06d83","ts":"2025-09-16T08:01:13.224-04:00","eventName":"n8n.node.started","message":"n8n.node.started","payload":{"workflowId":"N7rLTPGeamdIkxGf","workflowName":"Tasks - Alteração","executionId":"59","nodeType":"n8n-nodes-base.notionTrigger","nodeName":"Notion Trigger","nodeId":"7685e600-f6a9-45e6-a8d2-c70def4b5802"}}
{"__type":"$$EventMessageConfirm","confirm":"cfbc25d8-3f88-42f9-934c-4a7f05e06d83","ts":"2025-09-16T08:01:13.224-04:00","source":{"id":"0","name":"eventBus"}}
{"__type":"$$EventMessageNode","id":"6b09af06-5bf6-4f8b-a4d3-56b9db08e90c","ts":"2025-09-16T08:01:13.224-04:00","eventName":"n8n.node.finished","message":"n8n.node.finished","payload":{"workflowId":"N7rLTPGeamdIkxGf","workflowName":"Tasks - Alteração","executionId":"59","nodeType":"n8n-nodes-base.notionTrigger","nodeName":"Notion Trigger","nodeId":"7685e600-f6a9-45e6-a8d2-c70def4b5802"}}
{"__type":"$$EventMessageConfirm","confirm":"6b09af06-5bf6-4f8b-a4d3-56b9db08e90c","ts":"2025-09-16T08:01:13.225-04:00","source":{"id":"0","name":"eventBus"}}
{"__type":"$$EventMessageNode","id":"bf5dd684-311c-48cd-b905-fc0d4a253a17","ts":"2025-09-16T08:01:13.225-04:00","eventName":"n8n.node.started","message":"n8n.node.started","payload":{"workflowId":"N7rLTPGeamdIkxGf","workflowName":"Tasks - Alteração","executionId":"59","nodeType":"n8n-nodes-base.if","nodeName":"IF (Projeto Existe?)","nodeId":"9b9df2ce-eef6-4fd0-a24f-d7f819880981"}}
{"__type":"$$EventMessageConfirm","confirm":"bf5dd684-311c-48cd-b905-fc0d4a253a17","ts":"2025-09-16T08:01:13.225-04:00","source":{"id":"0","name":"eventBus"}}
{"__type":"$$EventMessageNode","id":"ce99fc92-cc6a-45b2-9af3-05d52cd85501","ts":"2025-09-16T08:01:13.226-04:00","eventName":"n8n.node.finished","message":"n8n.node.finished","payload":{"workflowId":"N7rLTPGeamdIkxGf","workflowName":"Tasks - Alteração","executionId":"59","nodeType":"n8n-nodes-base.if","nodeName":"IF (Projeto Existe?)","nodeId":"9b9df2ce-eef6-4fd0-a24f-d7f819880981"}}
{"__type":"$$EventMessageConfirm","confirm":"ce99fc92-cc6a-45b2-9af3-05d52cd85501","ts":"2025-09-16T08:01:13.226-04:00","source":{"id":"0","name":"eventBus"}}
{"__type":"$$EventMessageNode","id":"2a71c2f2-08b6-4ac5-9e72-03d9af948153","ts":"2025-09-16T08:01:13.226-04:00","eventName":"n8n.node.started","message":"n8n.node.started","payload":{"workflowId":"N7rLTPGeamdIkxGf","workflowName":"Tasks - Alteração","executionId":"59","nodeType":"n8n-nodes-base.notion","nodeName":"Get a database page","nodeId":"b3deed0a-4440-4055-96ac-0ec5fe545790"}}
{"__type":"$$EventMessageConfirm","confirm":"2a71c2f2-08b6-4ac5-9e72-03d9af948153","ts":"2025-09-16T08:01:13.226-04:00","source":{"id":"0","name":"eventBus"}}
{"__type":"$$EventMessageNode","id":"2a2c412e-35d2-4edd-9e8a-f6fb1266ce14","ts":"2025-09-16T08:01:14.965-04:00","eventName":"n8n.node.finished","message":"n8n.node.finished","payload":{"workflowId":"N7rLTPGeamdIkxGf","workflowName":"Tasks - Alteração","executionId":"59","nodeType":"n8n-nodes-base.notion","nodeName":"Get a database page","nodeId":"b3deed0a-4440-4055-96ac-0ec5fe545790"}}
{"__type":"$$EventMessageConfirm","confirm":"2a2c412e-35d2-4edd-9e8a-f6fb1266ce14","ts":"2025-09-16T08:01:14.965-04:00","source":{"id":"0","name":"eventBus"}}
{"__type":"$$EventMessageNode","id":"5f7bb494-b436-4437-be60-76fdd1044169","ts":"2025-09-16T08:01:14.965-04:00","eventName":"n8n.node.started","message":"n8n.node.started","payload":{"workflowId":"N7rLTPGeamdIkxGf","workflowName":"Tasks - Alteração","executionId":"59","nodeType":"n8n-nodes-base.if","nodeName":"IF (Status é Concluído?)","nodeId":"65dc6fd0-b08f-4933-bde5-5b2244f1a402"}}
{"__type":"$$EventMessageConfirm","confirm":"5f7bb494-b436-4437-be60-76fdd1044169","ts":"2025-09-16T08:01:14.965-04:00","source":{"id":"0","name":"eventBus"}}
{"__type":"$$EventMessageNode","id":"f1273ee0-57b8-47e2-9515-f0760c0b63c4","ts":"2025-09-16T08:01:14.971-04:00","eventName":"n8n.node.finished","message":"n8n.node.finished","payload":{"workflowId":"N7rLTPGeamdIkxGf","workflowName":"Tasks - Alteração","executionId":"59","nodeType":"n8n-nodes-base.if","nodeName":"IF (Status é Concluído?)","nodeId":"65dc6fd0-b08f-4933-bde5-5b2244f1a402"}}
{"__type":"$$EventMessageConfirm","confirm":"f1273ee0-57b8-47e2-9515-f0760c0b63c4","ts":"2025-09-16T08:01:14.971-04:00","source":{"id":"0","name":"eventBus"}}
{"__type":"$$EventMessageNode","id":"dd7f613d-e9ff-474e-80d8-de3cd8034ba3","ts":"2025-09-16T08:01:14.971-04:00","eventName":"n8n.node.started","message":"n8n.node.started","payload":{"workflowId":"N7rLTPGeamdIkxGf","workflowName":"Tasks - Alteração","executionId":"59","nodeType":"n8n-nodes-base.httpRequest","nodeName":"Tarefas - Alteração","nodeId":"b124ac56-9452-4650-bf8d-ac5f6a7a6d44"}}
{"__type":"$$EventMessageConfirm","confirm":"dd7f613d-e9ff-474e-80d8-de3cd8034ba3","ts":"2025-09-16T08:01:14.971-04:00","source":{"id":"0","name":"eventBus"}}
{"__type":"$$EventMessageNode","id":"f59c95d9-c163-44c8-a66c-31fc1af149f4","ts":"2025-09-16T08:01:15.595-04:00","eventName":"n8n.node.finished","message":"n8n.node.finished","payload":{"workflowId":"N7rLTPGeamdIkxGf","workflowName":"Tasks - Alteração","executionId":"59","nodeType":"n8n-nodes-base.httpRequest","nodeName":"Tarefas - Alteração","nodeId":"b124ac56-9452-4650-bf8d-ac5f6a7a6d44"}}
{"__type":"$$EventMessageConfirm","confirm":"f59c95d9-c163-44c8-a66c-31fc1af149f4","ts":"2025-09-16T08:01:15.596-04:00","source":{"id":"0","name":"eventBus"}}
{"__type":"$$EventMessageWorkflow","id":"35d87af0-5489-4c56-a1f3-1bbd6e11cb03","ts":"2025-09-16T08:01:15.596-04:00","eventName":"n8n.workflow.success","message":"n8n.workflow.success","payload":{"executionId":"59","success":true,"isManual":false,"workflowId":"N7rLTPGeamdIkxGf","workflowName":"Tasks - Alteração"}}
{"__type":"$$EventMessageConfirm","confirm":"35d87af0-5489-4c56-a1f3-1bbd6e11cb03","ts":"2025-09-16T08:01:15.596-04:00","source":{"id":"0","name":"eventBus"}}
{"__type":"$$EventMessageWorkflow","id":"484a1968-d4a3-4990-a121-a54fb15b9053","ts":"2025-09-16T08:40:12.520-04:00","eventName":"n8n.workflow.started","message":"n8n.workflow.started","payload":{"executionId":"60","workflowId":"N7rLTPGeamdIkxGf","isManual":false,"workflowName":"Tasks - Alteração"}}
{"__type":"$$EventMessageConfirm","confirm":"484a1968-d4a3-4990-a121-a54fb15b9053","ts":"2025-09-16T08:40:12.521-04:00","source":{"id":"0","name":"eventBus"}}
{"__type":"$$EventMessageNode","id":"759e9409-d84d-424c-a21d-880b9511b3c3","ts":"2025-09-16T08:40:12.521-04:00","eventName":"n8n.node.started","message":"n8n.node.started","payload":{"workflowId":"N7rLTPGeamdIkxGf","workflowName":"Tasks - Alteração","executionId":"60","nodeType":"n8n-nodes-base.notionTrigger","nodeName":"Notion Trigger","nodeId":"7685e600-f6a9-45e6-a8d2-c70def4b5802"}}
{"__type":"$$EventMessageConfirm","confirm":"759e9409-d84d-424c-a21d-880b9511b3c3","ts":"2025-09-16T08:40:12.521-04:00","source":{"id":"0","name":"eventBus"}}
{"__type":"$$EventMessageNode","id":"ff349084-a066-427f-88d1-8ec17c830923","ts":"2025-09-16T08:40:12.522-04:00","eventName":"n8n.node.finished","message":"n8n.node.finished","payload":{"workflowId":"N7rLTPGeamdIkxGf","workflowName":"Tasks - Alteração","executionId":"60","nodeType":"n8n-nodes-base.notionTrigger","nodeName":"Notion Trigger","nodeId":"7685e600-f6a9-45e6-a8d2-c70def4b5802"}}
{"__type":"$$EventMessageConfirm","confirm":"ff349084-a066-427f-88d1-8ec17c830923","ts":"2025-09-16T08:40:12.522-04:00","source":{"id":"0","name":"eventBus"}}
{"__type":"$$EventMessageNode","id":"5ece353b-1fe9-4db1-a1fb-a04d5590639b","ts":"2025-09-16T08:40:12.522-04:00","eventName":"n8n.node.started","message":"n8n.node.started","payload":{"workflowId":"N7rLTPGeamdIkxGf","workflowName":"Tasks - Alteração","executionId":"60","nodeType":"n8n-nodes-base.if","nodeName":"IF (Projeto Existe?)","nodeId":"9b9df2ce-eef6-4fd0-a24f-d7f819880981"}}
{"__type":"$$EventMessageConfirm","confirm":"5ece353b-1fe9-4db1-a1fb-a04d5590639b","ts":"2025-09-16T08:40:12.522-04:00","source":{"id":"0","name":"eventBus"}}
{"__type":"$$EventMessageNode","id":"84991a5a-beed-42c8-a910-4af4fba5cdc7","ts":"2025-09-16T08:40:12.525-04:00","eventName":"n8n.node.finished","message":"n8n.node.finished","payload":{"workflowId":"N7rLTPGeamdIkxGf","workflowName":"Tasks - Alteração","executionId":"60","nodeType":"n8n-nodes-base.if","nodeName":"IF (Projeto Existe?)","nodeId":"9b9df2ce-eef6-4fd0-a24f-d7f819880981"}}
{"__type":"$$EventMessageConfirm","confirm":"84991a5a-beed-42c8-a910-4af4fba5cdc7","ts":"2025-09-16T08:40:12.525-04:00","source":{"id":"0","name":"eventBus"}}
{"__type":"$$EventMessageNode","id":"f2f0a270-1c90-46bc-88cd-879b38778aa9","ts":"2025-09-16T08:40:12.525-04:00","eventName":"n8n.node.started","message":"n8n.node.started","payload":{"workflowId":"N7rLTPGeamdIkxGf","workflowName":"Tasks - Alteração","executionId":"60","nodeType":"n8n-nodes-base.notion","nodeName":"Get a database page","nodeId":"b3deed0a-4440-4055-96ac-0ec5fe545790"}}
{"__type":"$$EventMessageConfirm","confirm":"f2f0a270-1c90-46bc-88cd-879b38778aa9","ts":"2025-09-16T08:40:12.525-04:00","source":{"id":"0","name":"eventBus"}}
{"__type":"$$EventMessageNode","id":"4b47aa23-d96c-4c85-8f21-03203a73e73f","ts":"2025-09-16T08:40:12.889-04:00","eventName":"n8n.node.finished","message":"n8n.node.finished","payload":{"workflowId":"N7rLTPGeamdIkxGf","workflowName":"Tasks - Alteração","executionId":"60","nodeType":"n8n-nodes-base.notion","nodeName":"Get a database page","nodeId":"b3deed0a-4440-4055-96ac-0ec5fe545790"}}
{"__type":"$$EventMessageConfirm","confirm":"4b47aa23-d96c-4c85-8f21-03203a73e73f","ts":"2025-09-16T08:40:12.889-04:00","source":{"id":"0","name":"eventBus"}}
{"__type":"$$EventMessageNode","id":"8fdbb48e-997a-45a1-a5bf-c8b814c95b88","ts":"2025-09-16T08:40:12.889-04:00","eventName":"n8n.node.started","message":"n8n.node.started","payload":{"workflowId":"N7rLTPGeamdIkxGf","workflowName":"Tasks - Alteração","executionId":"60","nodeType":"n8n-nodes-base.if","nodeName":"IF (Status é Concluído?)","nodeId":"65dc6fd0-b08f-4933-bde5-5b2244f1a402"}}
{"__type":"$$EventMessageConfirm","confirm":"8fdbb48e-997a-45a1-a5bf-c8b814c95b88","ts":"2025-09-16T08:40:12.889-04:00","source":{"id":"0","name":"eventBus"}}
{"__type":"$$EventMessageNode","id":"e3b6045e-1267-4e2f-a1f3-08d75799afd4","ts":"2025-09-16T08:40:12.890-04:00","eventName":"n8n.node.finished","message":"n8n.node.finished","payload":{"workflowId":"N7rLTPGeamdIkxGf","workflowName":"Tasks - Alteração","executionId":"60","nodeType":"n8n-nodes-base.if","nodeName":"IF (Status é Concluído?)","nodeId":"65dc6fd0-b08f-4933-bde5-5b2244f1a402"}}
{"__type":"$$EventMessageConfirm","confirm":"e3b6045e-1267-4e2f-a1f3-08d75799afd4","ts":"2025-09-16T08:40:12.890-04:00","source":{"id":"0","name":"eventBus"}}
{"__type":"$$EventMessageNode","id":"60dd459e-9e3f-4ed6-9432-5587a567761f","ts":"2025-09-16T08:40:12.890-04:00","eventName":"n8n.node.started","message":"n8n.node.started","payload":{"workflowId":"N7rLTPGeamdIkxGf","workflowName":"Tasks - Alteração","executionId":"60","nodeType":"n8n-nodes-base.httpRequest","nodeName":"Tarefas - Concluído","nodeId":"bfe3e024-fbbe-4945-8cc3-a769830a85ff"}}
{"__type":"$$EventMessageConfirm","confirm":"60dd459e-9e3f-4ed6-9432-5587a567761f","ts":"2025-09-16T08:40:12.890-04:00","source":{"id":"0","name":"eventBus"}}
{"__type":"$$EventMessageNode","id":"2f2a7e10-9326-47db-8448-85fff86da30b","ts":"2025-09-16T08:40:13.437-04:00","eventName":"n8n.node.finished","message":"n8n.node.finished","payload":{"workflowId":"N7rLTPGeamdIkxGf","workflowName":"Tasks - Alteração","executionId":"60","nodeType":"n8n-nodes-base.httpRequest","nodeName":"Tarefas - Concluído","nodeId":"bfe3e024-fbbe-4945-8cc3-a769830a85ff"}}
{"__type":"$$EventMessageConfirm","confirm":"2f2a7e10-9326-47db-8448-85fff86da30b","ts":"2025-09-16T08:40:13.437-04:00","source":{"id":"0","name":"eventBus"}}
{"__type":"$$EventMessageWorkflow","id":"2f7354af-7d2f-4314-93aa-8e5868b8211d","ts":"2025-09-16T08:40:13.437-04:00","eventName":"n8n.workflow.success","message":"n8n.workflow.success","payload":{"executionId":"60","success":true,"isManual":false,"workflowId":"N7rLTPGeamdIkxGf","workflowName":"Tasks - Alteração"}}
{"__type":"$$EventMessageConfirm","confirm":"2f7354af-7d2f-4314-93aa-8e5868b8211d","ts":"2025-09-16T08:40:13.437-04:00","source":{"id":"0","name":"eventBus"}}
{"__type":"$$EventMessageWorkflow","id":"6ef1e599-2a4b-4361-ba2a-110beacf64a8","ts":"2025-09-16T08:49:25.466-04:00","eventName":"n8n.workflow.started","message":"n8n.workflow.started","payload":{"executionId":"61","workflowId":"b4C4iaUdQE2jC4CS","isManual":false,"workflowName":"Tasks - Novo"}}
{"__type":"$$EventMessageConfirm","confirm":"6ef1e599-2a4b-4361-ba2a-110beacf64a8","ts":"2025-09-16T08:49:25.467-04:00","source":{"id":"0","name":"eventBus"}}
{"__type":"$$EventMessageNode","id":"abb2e6a9-8fab-45ff-854a-0e51c7d9f536","ts":"2025-09-16T08:49:25.467-04:00","eventName":"n8n.node.started","message":"n8n.node.started","payload":{"workflowId":"b4C4iaUdQE2jC4CS","workflowName":"Tasks - Novo","executionId":"61","nodeType":"n8n-nodes-base.notionTrigger","nodeName":"Notion Trigger","nodeId":"d6ae00c5-86ac-42e1-b3f2-33496733c059"}}
{"__type":"$$EventMessageConfirm","confirm":"abb2e6a9-8fab-45ff-854a-0e51c7d9f536","ts":"2025-09-16T08:49:25.467-04:00","source":{"id":"0","name":"eventBus"}}
{"__type":"$$EventMessageNode","id":"176d3135-8e7a-4e75-91b4-beee39901bff","ts":"2025-09-16T08:49:25.467-04:00","eventName":"n8n.node.finished","message":"n8n.node.finished","payload":{"workflowId":"b4C4iaUdQE2jC4CS","workflowName":"Tasks - Novo","executionId":"61","nodeType":"n8n-nodes-base.notionTrigger","nodeName":"Notion Trigger","nodeId":"d6ae00c5-86ac-42e1-b3f2-33496733c059"}}
{"__type":"$$EventMessageConfirm","confirm":"176d3135-8e7a-4e75-91b4-beee39901bff","ts":"2025-09-16T08:49:25.467-04:00","source":{"id":"0","name":"eventBus"}}
{"__type":"$$EventMessageNode","id":"ed090ecf-1ce9-4fe8-8888-f69ca6fa0b0e","ts":"2025-09-16T08:49:25.467-04:00","eventName":"n8n.node.started","message":"n8n.node.started","payload":{"workflowId":"b4C4iaUdQE2jC4CS","workflowName":"Tasks - Novo","executionId":"61","nodeType":"n8n-nodes-base.if","nodeName":"If","nodeId":"637d1816-8cfa-4680-b730-0a7a004aacc0"}}
{"__type":"$$EventMessageConfirm","confirm":"ed090ecf-1ce9-4fe8-8888-f69ca6fa0b0e","ts":"2025-09-16T08:49:25.468-04:00","source":{"id":"0","name":"eventBus"}}
{"__type":"$$EventMessageNode","id":"401c70aa-52d5-4a89-ad34-0993aafc6acf","ts":"2025-09-16T08:49:25.469-04:00","eventName":"n8n.node.finished","message":"n8n.node.finished","payload":{"workflowId":"b4C4iaUdQE2jC4CS","workflowName":"Tasks - Novo","executionId":"61","nodeType":"n8n-nodes-base.if","nodeName":"If","nodeId":"637d1816-8cfa-4680-b730-0a7a004aacc0"}}
{"__type":"$$EventMessageConfirm","confirm":"401c70aa-52d5-4a89-ad34-0993aafc6acf","ts":"2025-09-16T08:49:25.469-04:00","source":{"id":"0","name":"eventBus"}}
{"__type":"$$EventMessageWorkflow","id":"4f59c28e-4526-410c-82ce-813bf839ed6c","ts":"2025-09-16T08:49:25.469-04:00","eventName":"n8n.workflow.success","message":"n8n.workflow.success","payload":{"executionId":"61","success":true,"isManual":false,"workflowId":"b4C4iaUdQE2jC4CS","workflowName":"Tasks - Novo"}}
{"__type":"$$EventMessageConfirm","confirm":"4f59c28e-4526-410c-82ce-813bf839ed6c","ts":"2025-09-16T08:49:25.469-04:00","source":{"id":"0","name":"eventBus"}}
{"__type":"$$EventMessageWorkflow","id":"57cf4187-4975-481c-899c-ced5d9a2bf56","ts":"2025-09-16T08:50:10.502-04:00","eventName":"n8n.workflow.started","message":"n8n.workflow.started","payload":{"executionId":"62","workflowId":"N7rLTPGeamdIkxGf","isManual":false,"workflowName":"Tasks - Alteração"}}
{"__type":"$$EventMessageConfirm","confirm":"57cf4187-4975-481c-899c-ced5d9a2bf56","ts":"2025-09-16T08:50:10.502-04:00","source":{"id":"0","name":"eventBus"}}
{"__type":"$$EventMessageNode","id":"2a97fe97-5e93-4db4-96ba-4b0d287fbcc8","ts":"2025-09-16T08:50:10.502-04:00","eventName":"n8n.node.started","message":"n8n.node.started","payload":{"workflowId":"N7rLTPGeamdIkxGf","workflowName":"Tasks - Alteração","executionId":"62","nodeType":"n8n-nodes-base.notionTrigger","nodeName":"Notion Trigger","nodeId":"7685e600-f6a9-45e6-a8d2-c70def4b5802"}}
{"__type":"$$EventMessageConfirm","confirm":"2a97fe97-5e93-4db4-96ba-4b0d287fbcc8","ts":"2025-09-16T08:50:10.502-04:00","source":{"id":"0","name":"eventBus"}}
{"__type":"$$EventMessageNode","id":"ffdeef07-1b79-4794-8fee-5e3ee58c4725","ts":"2025-09-16T08:50:10.502-04:00","eventName":"n8n.node.finished","message":"n8n.node.finished","payload":{"workflowId":"N7rLTPGeamdIkxGf","workflowName":"Tasks - Alteração","executionId":"62","nodeType":"n8n-nodes-base.notionTrigger","nodeName":"Notion Trigger","nodeId":"7685e600-f6a9-45e6-a8d2-c70def4b5802"}}
{"__type":"$$EventMessageConfirm","confirm":"ffdeef07-1b79-4794-8fee-5e3ee58c4725","ts":"2025-09-16T08:50:10.502-04:00","source":{"id":"0","name":"eventBus"}}
{"__type":"$$EventMessageNode","id":"9444ea32-4baf-42a1-8c03-aa7688391445","ts":"2025-09-16T08:50:10.502-04:00","eventName":"n8n.node.started","message":"n8n.node.started","payload":{"workflowId":"N7rLTPGeamdIkxGf","workflowName":"Tasks - Alteração","executionId":"62","nodeType":"n8n-nodes-base.if","nodeName":"IF (Projeto Existe?)","nodeId":"9b9df2ce-eef6-4fd0-a24f-d7f819880981"}}
{"__type":"$$EventMessageConfirm","confirm":"9444ea32-4baf-42a1-8c03-aa7688391445","ts":"2025-09-16T08:50:10.502-04:00","source":{"id":"0","name":"eventBus"}}
{"__type":"$$EventMessageNode","id":"30434833-5b16-4c6f-bd15-da7d803b53ce","ts":"2025-09-16T08:50:10.503-04:00","eventName":"n8n.node.finished","message":"n8n.node.finished","payload":{"workflowId":"N7rLTPGeamdIkxGf","workflowName":"Tasks - Alteração","executionId":"62","nodeType":"n8n-nodes-base.if","nodeName":"IF (Projeto Existe?)","nodeId":"9b9df2ce-eef6-4fd0-a24f-d7f819880981"}}
{"__type":"$$EventMessageConfirm","confirm":"30434833-5b16-4c6f-bd15-da7d803b53ce","ts":"2025-09-16T08:50:10.503-04:00","source":{"id":"0","name":"eventBus"}}
{"__type":"$$EventMessageWorkflow","id":"09455881-4ad5-4ea4-9e10-82e12e3aaf01","ts":"2025-09-16T08:50:10.503-04:00","eventName":"n8n.workflow.success","message":"n8n.workflow.success","payload":{"executionId":"62","success":true,"isManual":false,"workflowId":"N7rLTPGeamdIkxGf","workflowName":"Tasks - Alteração"}}
{"__type":"$$EventMessageConfirm","confirm":"09455881-4ad5-4ea4-9e10-82e12e3aaf01","ts":"2025-09-16T08:50:10.503-04:00","source":{"id":"0","name":"eventBus"}}
{"__type":"$$EventMessageWorkflow","id":"ae7e74f4-034f-489e-b151-dd138f63798d","ts":"2025-09-16T08:51:17.241-04:00","eventName":"n8n.workflow.started","message":"n8n.workflow.started","payload":{"executionId":"63","workflowId":"N7rLTPGeamdIkxGf","isManual":false,"workflowName":"Tasks - Alteração"}}
{"__type":"$$EventMessageConfirm","confirm":"ae7e74f4-034f-489e-b151-dd138f63798d","ts":"2025-09-16T08:51:17.241-04:00","source":{"id":"0","name":"eventBus"}}
{"__type":"$$EventMessageNode","id":"7b4522ca-ab95-4c68-a6cf-7146be7ae270","ts":"2025-09-16T08:51:17.241-04:00","eventName":"n8n.node.started","message":"n8n.node.started","payload":{"workflowId":"N7rLTPGeamdIkxGf","workflowName":"Tasks - Alteração","executionId":"63","nodeType":"n8n-nodes-base.notionTrigger","nodeName":"Notion Trigger","nodeId":"7685e600-f6a9-45e6-a8d2-c70def4b5802"}}
{"__type":"$$EventMessageConfirm","confirm":"7b4522ca-ab95-4c68-a6cf-7146be7ae270","ts":"2025-09-16T08:51:17.241-04:00","source":{"id":"0","name":"eventBus"}}
{"__type":"$$EventMessageNode","id":"a03d2f11-4a05-4f60-9037-4c7485425fe7","ts":"2025-09-16T08:51:17.241-04:00","eventName":"n8n.node.finished","message":"n8n.node.finished","payload":{"workflowId":"N7rLTPGeamdIkxGf","workflowName":"Tasks - Alteração","executionId":"63","nodeType":"n8n-nodes-base.notionTrigger","nodeName":"Notion Trigger","nodeId":"7685e600-f6a9-45e6-a8d2-c70def4b5802"}}
{"__type":"$$EventMessageConfirm","confirm":"a03d2f11-4a05-4f60-9037-4c7485425fe7","ts":"2025-09-16T08:51:17.241-04:00","source":{"id":"0","name":"eventBus"}}
{"__type":"$$EventMessageNode","id":"a5fe3313-a749-46b8-a9ba-de15511e0e66","ts":"2025-09-16T08:51:17.241-04:00","eventName":"n8n.node.started","message":"n8n.node.started","payload":{"workflowId":"N7rLTPGeamdIkxGf","workflowName":"Tasks - Alteração","executionId":"63","nodeType":"n8n-nodes-base.if","nodeName":"IF (Projeto Existe?)","nodeId":"9b9df2ce-eef6-4fd0-a24f-d7f819880981"}}
{"__type":"$$EventMessageConfirm","confirm":"a5fe3313-a749-46b8-a9ba-de15511e0e66","ts":"2025-09-16T08:51:17.241-04:00","source":{"id":"0","name":"eventBus"}}
{"__type":"$$EventMessageNode","id":"64c62458-aaa4-4c86-82bf-05df952c35fb","ts":"2025-09-16T08:51:17.242-04:00","eventName":"n8n.node.finished","message":"n8n.node.finished","payload":{"workflowId":"N7rLTPGeamdIkxGf","workflowName":"Tasks - Alteração","executionId":"63","nodeType":"n8n-nodes-base.if","nodeName":"IF (Projeto Existe?)","nodeId":"9b9df2ce-eef6-4fd0-a24f-d7f819880981"}}
{"__type":"$$EventMessageConfirm","confirm":"64c62458-aaa4-4c86-82bf-05df952c35fb","ts":"2025-09-16T08:51:17.242-04:00","source":{"id":"0","name":"eventBus"}}
{"__type":"$$EventMessageNode","id":"9ed56b40-7670-4605-9366-1a0ddb67b663","ts":"2025-09-16T08:51:17.242-04:00","eventName":"n8n.node.started","message":"n8n.node.started","payload":{"workflowId":"N7rLTPGeamdIkxGf","workflowName":"Tasks - Alteração","executionId":"63","nodeType":"n8n-nodes-base.notion","nodeName":"Get a database page","nodeId":"b3deed0a-4440-4055-96ac-0ec5fe545790"}}
{"__type":"$$EventMessageConfirm","confirm":"9ed56b40-7670-4605-9366-1a0ddb67b663","ts":"2025-09-16T08:51:17.242-04:00","source":{"id":"0","name":"eventBus"}}
{"__type":"$$EventMessageNode","id":"2d3cbc0d-9728-4d9d-a63c-41a0c6c4d665","ts":"2025-09-16T08:51:17.703-04:00","eventName":"n8n.node.finished","message":"n8n.node.finished","payload":{"workflowId":"N7rLTPGeamdIkxGf","workflowName":"Tasks - Alteração","executionId":"63","nodeType":"n8n-nodes-base.notion","nodeName":"Get a database page","nodeId":"b3deed0a-4440-4055-96ac-0ec5fe545790"}}
{"__type":"$$EventMessageConfirm","confirm":"2d3cbc0d-9728-4d9d-a63c-41a0c6c4d665","ts":"2025-09-16T08:51:17.703-04:00","source":{"id":"0","name":"eventBus"}}
{"__type":"$$EventMessageNode","id":"e378e06f-23f6-4677-9f4c-f6434ded42a8","ts":"2025-09-16T08:51:17.703-04:00","eventName":"n8n.node.started","message":"n8n.node.started","payload":{"workflowId":"N7rLTPGeamdIkxGf","workflowName":"Tasks - Alteração","executionId":"63","nodeType":"n8n-nodes-base.if","nodeName":"IF (Status é Concluído?)","nodeId":"65dc6fd0-b08f-4933-bde5-5b2244f1a402"}}
{"__type":"$$EventMessageConfirm","confirm":"e378e06f-23f6-4677-9f4c-f6434ded42a8","ts":"2025-09-16T08:51:17.703-04:00","source":{"id":"0","name":"eventBus"}}
{"__type":"$$EventMessageNode","id":"6e17e959-f32c-4c79-a652-59766a1d9e1f","ts":"2025-09-16T08:51:17.704-04:00","eventName":"n8n.node.finished","message":"n8n.node.finished","payload":{"workflowId":"N7rLTPGeamdIkxGf","workflowName":"Tasks - Alteração","executionId":"63","nodeType":"n8n-nodes-base.if","nodeName":"IF (Status é Concluído?)","nodeId":"65dc6fd0-b08f-4933-bde5-5b2244f1a402"}}
{"__type":"$$EventMessageConfirm","confirm":"6e17e959-f32c-4c79-a652-59766a1d9e1f","ts":"2025-09-16T08:51:17.704-04:00","source":{"id":"0","name":"eventBus"}}
{"__type":"$$EventMessageNode","id":"8feab4a5-f713-4ea4-b4c1-2344c4d4faec","ts":"2025-09-16T08:51:17.704-04:00","eventName":"n8n.node.started","message":"n8n.node.started","payload":{"workflowId":"N7rLTPGeamdIkxGf","workflowName":"Tasks - Alteração","executionId":"63","nodeType":"n8n-nodes-base.httpRequest","nodeName":"Tarefas - Alteração","nodeId":"b124ac56-9452-4650-bf8d-ac5f6a7a6d44"}}
{"__type":"$$EventMessageConfirm","confirm":"8feab4a5-f713-4ea4-b4c1-2344c4d4faec","ts":"2025-09-16T08:51:17.704-04:00","source":{"id":"0","name":"eventBus"}}
{"__type":"$$EventMessageNode","id":"a84b1d56-0d81-4a39-a675-6879a06751c2","ts":"2025-09-16T08:51:18.231-04:00","eventName":"n8n.node.finished","message":"n8n.node.finished","payload":{"workflowId":"N7rLTPGeamdIkxGf","workflowName":"Tasks - Alteração","executionId":"63","nodeType":"n8n-nodes-base.httpRequest","nodeName":"Tarefas - Alteração","nodeId":"b124ac56-9452-4650-bf8d-ac5f6a7a6d44"}}
{"__type":"$$EventMessageConfirm","confirm":"a84b1d56-0d81-4a39-a675-6879a06751c2","ts":"2025-09-16T08:51:18.231-04:00","source":{"id":"0","name":"eventBus"}}
{"__type":"$$EventMessageWorkflow","id":"c1ceeb87-433b-4b82-b6f2-b9c0de566afe","ts":"2025-09-16T08:51:18.231-04:00","eventName":"n8n.workflow.success","message":"n8n.workflow.success","payload":{"executionId":"63","success":true,"isManual":false,"workflowId":"N7rLTPGeamdIkxGf","workflowName":"Tasks - Alteração"}}
{"__type":"$$EventMessageConfirm","confirm":"c1ceeb87-433b-4b82-b6f2-b9c0de566afe","ts":"2025-09-16T08:51:18.231-04:00","source":{"id":"0","name":"eventBus"}}
{"__type":"$$EventMessageWorkflow","id":"281ca09f-cc9d-4008-8396-be54e1d40988","ts":"2025-09-16T08:52:10.098-04:00","eventName":"n8n.workflow.started","message":"n8n.workflow.started","payload":{"executionId":"64","workflowId":"N7rLTPGeamdIkxGf","isManual":false,"workflowName":"Tasks - Alteração"}}
{"__type":"$$EventMessageConfirm","confirm":"281ca09f-cc9d-4008-8396-be54e1d40988","ts":"2025-09-16T08:52:10.098-04:00","source":{"id":"0","name":"eventBus"}}
{"__type":"$$EventMessageNode","id":"0ac96ad4-d782-4be6-be73-6dfcd9aaf3db","ts":"2025-09-16T08:52:10.098-04:00","eventName":"n8n.node.started","message":"n8n.node.started","payload":{"workflowId":"N7rLTPGeamdIkxGf","workflowName":"Tasks - Alteração","executionId":"64","nodeType":"n8n-nodes-base.notionTrigger","nodeName":"Notion Trigger","nodeId":"7685e600-f6a9-45e6-a8d2-c70def4b5802"}}
{"__type":"$$EventMessageConfirm","confirm":"0ac96ad4-d782-4be6-be73-6dfcd9aaf3db","ts":"2025-09-16T08:52:10.098-04:00","source":{"id":"0","name":"eventBus"}}
{"__type":"$$EventMessageNode","id":"337ca476-7463-43a5-8302-3e38d44f8c19","ts":"2025-09-16T08:52:10.098-04:00","eventName":"n8n.node.finished","message":"n8n.node.finished","payload":{"workflowId":"N7rLTPGeamdIkxGf","workflowName":"Tasks - Alteração","executionId":"64","nodeType":"n8n-nodes-base.notionTrigger","nodeName":"Notion Trigger","nodeId":"7685e600-f6a9-45e6-a8d2-c70def4b5802"}}
{"__type":"$$EventMessageConfirm","confirm":"337ca476-7463-43a5-8302-3e38d44f8c19","ts":"2025-09-16T08:52:10.098-04:00","source":{"id":"0","name":"eventBus"}}
{"__type":"$$EventMessageNode","id":"18bcb691-bfd8-4dd6-9a8b-ad27186bb459","ts":"2025-09-16T08:52:10.099-04:00","eventName":"n8n.node.started","message":"n8n.node.started","payload":{"workflowId":"N7rLTPGeamdIkxGf","workflowName":"Tasks - Alteração","executionId":"64","nodeType":"n8n-nodes-base.if","nodeName":"IF (Projeto Existe?)","nodeId":"9b9df2ce-eef6-4fd0-a24f-d7f819880981"}}
{"__type":"$$EventMessageConfirm","confirm":"18bcb691-bfd8-4dd6-9a8b-ad27186bb459","ts":"2025-09-16T08:52:10.099-04:00","source":{"id":"0","name":"eventBus"}}
{"__type":"$$EventMessageNode","id":"2d643c28-002f-4f49-8d5c-04afdfdb6f94","ts":"2025-09-16T08:52:10.099-04:00","eventName":"n8n.node.finished","message":"n8n.node.finished","payload":{"workflowId":"N7rLTPGeamdIkxGf","workflowName":"Tasks - Alteração","executionId":"64","nodeType":"n8n-nodes-base.if","nodeName":"IF (Projeto Existe?)","nodeId":"9b9df2ce-eef6-4fd0-a24f-d7f819880981"}}
{"__type":"$$EventMessageConfirm","confirm":"2d643c28-002f-4f49-8d5c-04afdfdb6f94","ts":"2025-09-16T08:52:10.099-04:00","source":{"id":"0","name":"eventBus"}}
{"__type":"$$EventMessageNode","id":"2f7e4863-b770-4477-bca0-9ed0ad7abd56","ts":"2025-09-16T08:52:10.100-04:00","eventName":"n8n.node.started","message":"n8n.node.started","payload":{"workflowId":"N7rLTPGeamdIkxGf","workflowName":"Tasks - Alteração","executionId":"64","nodeType":"n8n-nodes-base.notion","nodeName":"Get a database page","nodeId":"b3deed0a-4440-4055-96ac-0ec5fe545790"}}
{"__type":"$$EventMessageConfirm","confirm":"2f7e4863-b770-4477-bca0-9ed0ad7abd56","ts":"2025-09-16T08:52:10.100-04:00","source":{"id":"0","name":"eventBus"}}
{"__type":"$$EventMessageNode","id":"3b575d06-33e3-4a6c-8937-481986b5fab1","ts":"2025-09-16T08:52:10.513-04:00","eventName":"n8n.node.finished","message":"n8n.node.finished","payload":{"workflowId":"N7rLTPGeamdIkxGf","workflowName":"Tasks - Alteração","executionId":"64","nodeType":"n8n-nodes-base.notion","nodeName":"Get a database page","nodeId":"b3deed0a-4440-4055-96ac-0ec5fe545790"}}
{"__type":"$$EventMessageConfirm","confirm":"3b575d06-33e3-4a6c-8937-481986b5fab1","ts":"2025-09-16T08:52:10.513-04:00","source":{"id":"0","name":"eventBus"}}
{"__type":"$$EventMessageNode","id":"775c7b55-1f76-4274-a298-3800daed2d01","ts":"2025-09-16T08:52:10.513-04:00","eventName":"n8n.node.started","message":"n8n.node.started","payload":{"workflowId":"N7rLTPGeamdIkxGf","workflowName":"Tasks - Alteração","executionId":"64","nodeType":"n8n-nodes-base.if","nodeName":"IF (Status é Concluído?)","nodeId":"65dc6fd0-b08f-4933-bde5-5b2244f1a402"}}
{"__type":"$$EventMessageConfirm","confirm":"775c7b55-1f76-4274-a298-3800daed2d01","ts":"2025-09-16T08:52:10.513-04:00","source":{"id":"0","name":"eventBus"}}
{"__type":"$$EventMessageNode","id":"bdae73b4-634f-4eb9-9846-76811e657841","ts":"2025-09-16T08:52:10.514-04:00","eventName":"n8n.node.finished","message":"n8n.node.finished","payload":{"workflowId":"N7rLTPGeamdIkxGf","workflowName":"Tasks - Alteração","executionId":"64","nodeType":"n8n-nodes-base.if","nodeName":"IF (Status é Concluído?)","nodeId":"65dc6fd0-b08f-4933-bde5-5b2244f1a402"}}
{"__type":"$$EventMessageConfirm","confirm":"bdae73b4-634f-4eb9-9846-76811e657841","ts":"2025-09-16T08:52:10.514-04:00","source":{"id":"0","name":"eventBus"}}
{"__type":"$$EventMessageNode","id":"5c1a659b-cf9c-4d0b-aa64-427d88bbeeb3","ts":"2025-09-16T08:52:10.514-04:00","eventName":"n8n.node.started","message":"n8n.node.started","payload":{"workflowId":"N7rLTPGeamdIkxGf","workflowName":"Tasks - Alteração","executionId":"64","nodeType":"n8n-nodes-base.httpRequest","nodeName":"Tarefas - Alteração","nodeId":"b124ac56-9452-4650-bf8d-ac5f6a7a6d44"}}
{"__type":"$$EventMessageConfirm","confirm":"5c1a659b-cf9c-4d0b-aa64-427d88bbeeb3","ts":"2025-09-16T08:52:10.514-04:00","source":{"id":"0","name":"eventBus"}}
{"__type":"$$EventMessageNode","id":"6968a2ff-4dc9-477e-9feb-a71d48f552c1","ts":"2025-09-16T08:52:10.959-04:00","eventName":"n8n.node.finished","message":"n8n.node.finished","payload":{"workflowId":"N7rLTPGeamdIkxGf","workflowName":"Tasks - Alteração","executionId":"64","nodeType":"n8n-nodes-base.httpRequest","nodeName":"Tarefas - Alteração","nodeId":"b124ac56-9452-4650-bf8d-ac5f6a7a6d44"}}
{"__type":"$$EventMessageConfirm","confirm":"6968a2ff-4dc9-477e-9feb-a71d48f552c1","ts":"2025-09-16T08:52:10.959-04:00","source":{"id":"0","name":"eventBus"}}
{"__type":"$$EventMessageWorkflow","id":"cb3057bb-368e-451a-aa5a-adb151512ca7","ts":"2025-09-16T08:52:10.960-04:00","eventName":"n8n.workflow.success","message":"n8n.workflow.success","payload":{"executionId":"64","success":true,"isManual":false,"workflowId":"N7rLTPGeamdIkxGf","workflowName":"Tasks - Alteração"}}
{"__type":"$$EventMessageConfirm","confirm":"cb3057bb-368e-451a-aa5a-adb151512ca7","ts":"2025-09-16T08:52:10.960-04:00","source":{"id":"0","name":"eventBus"}}
{"__type":"$$EventMessageWorkflow","id":"fc868504-ba2c-4fd7-b7d4-1e18797f1e15","ts":"2025-09-16T09:33:10.762-04:00","eventName":"n8n.workflow.started","message":"n8n.workflow.started","payload":{"executionId":"65","workflowId":"N7rLTPGeamdIkxGf","isManual":false,"workflowName":"Tasks - Alteração"}}
{"__type":"$$EventMessageConfirm","confirm":"fc868504-ba2c-4fd7-b7d4-1e18797f1e15","ts":"2025-09-16T09:33:10.762-04:00","source":{"id":"0","name":"eventBus"}}
{"__type":"$$EventMessageNode","id":"b4d5cf36-1b77-4e6c-b5a0-8058898190b2","ts":"2025-09-16T09:33:10.762-04:00","eventName":"n8n.node.started","message":"n8n.node.started","payload":{"workflowId":"N7rLTPGeamdIkxGf","workflowName":"Tasks - Alteração","executionId":"65","nodeType":"n8n-nodes-base.notionTrigger","nodeName":"Notion Trigger","nodeId":"7685e600-f6a9-45e6-a8d2-c70def4b5802"}}
{"__type":"$$EventMessageConfirm","confirm":"b4d5cf36-1b77-4e6c-b5a0-8058898190b2","ts":"2025-09-16T09:33:10.762-04:00","source":{"id":"0","name":"eventBus"}}
{"__type":"$$EventMessageNode","id":"d43ec8d8-c496-4fd5-a3fe-7aa1a23c726d","ts":"2025-09-16T09:33:10.762-04:00","eventName":"n8n.node.finished","message":"n8n.node.finished","payload":{"workflowId":"N7rLTPGeamdIkxGf","workflowName":"Tasks - Alteração","executionId":"65","nodeType":"n8n-nodes-base.notionTrigger","nodeName":"Notion Trigger","nodeId":"7685e600-f6a9-45e6-a8d2-c70def4b5802"}}
{"__type":"$$EventMessageConfirm","confirm":"d43ec8d8-c496-4fd5-a3fe-7aa1a23c726d","ts":"2025-09-16T09:33:10.763-04:00","source":{"id":"0","name":"eventBus"}}
{"__type":"$$EventMessageNode","id":"5137d01d-1681-4846-8392-06607e4d41fd","ts":"2025-09-16T09:33:10.763-04:00","eventName":"n8n.node.started","message":"n8n.node.started","payload":{"workflowId":"N7rLTPGeamdIkxGf","workflowName":"Tasks - Alteração","executionId":"65","nodeType":"n8n-nodes-base.if","nodeName":"IF (Projeto Existe?)","nodeId":"9b9df2ce-eef6-4fd0-a24f-d7f819880981"}}
{"__type":"$$EventMessageConfirm","confirm":"5137d01d-1681-4846-8392-06607e4d41fd","ts":"2025-09-16T09:33:10.763-04:00","source":{"id":"0","name":"eventBus"}}
{"__type":"$$EventMessageNode","id":"2846dc5d-29e5-4e6e-a7e7-93b27127046c","ts":"2025-09-16T09:33:10.764-04:00","eventName":"n8n.node.finished","message":"n8n.node.finished","payload":{"workflowId":"N7rLTPGeamdIkxGf","workflowName":"Tasks - Alteração","executionId":"65","nodeType":"n8n-nodes-base.if","nodeName":"IF (Projeto Existe?)","nodeId":"9b9df2ce-eef6-4fd0-a24f-d7f819880981"}}
{"__type":"$$EventMessageConfirm","confirm":"2846dc5d-29e5-4e6e-a7e7-93b27127046c","ts":"2025-09-16T09:33:10.764-04:00","source":{"id":"0","name":"eventBus"}}
{"__type":"$$EventMessageNode","id":"5b17841c-46db-449f-b3ae-3fc27a7785c8","ts":"2025-09-16T09:33:10.764-04:00","eventName":"n8n.node.started","message":"n8n.node.started","payload":{"workflowId":"N7rLTPGeamdIkxGf","workflowName":"Tasks - Alteração","executionId":"65","nodeType":"n8n-nodes-base.notion","nodeName":"Get a database page","nodeId":"b3deed0a-4440-4055-96ac-0ec5fe545790"}}
{"__type":"$$EventMessageConfirm","confirm":"5b17841c-46db-449f-b3ae-3fc27a7785c8","ts":"2025-09-16T09:33:10.764-04:00","source":{"id":"0","name":"eventBus"}}
{"__type":"$$EventMessageNode","id":"c147ba49-4b67-452b-b7af-7ff4047eabb9","ts":"2025-09-16T09:33:11.427-04:00","eventName":"n8n.node.finished","message":"n8n.node.finished","payload":{"workflowId":"N7rLTPGeamdIkxGf","workflowName":"Tasks - Alteração","executionId":"65","nodeType":"n8n-nodes-base.notion","nodeName":"Get a database page","nodeId":"b3deed0a-4440-4055-96ac-0ec5fe545790"}}
{"__type":"$$EventMessageConfirm","confirm":"c147ba49-4b67-452b-b7af-7ff4047eabb9","ts":"2025-09-16T09:33:11.427-04:00","source":{"id":"0","name":"eventBus"}}
{"__type":"$$EventMessageNode","id":"333e505f-806d-42a3-9b6e-52549fba0927","ts":"2025-09-16T09:33:11.427-04:00","eventName":"n8n.node.started","message":"n8n.node.started","payload":{"workflowId":"N7rLTPGeamdIkxGf","workflowName":"Tasks - Alteração","executionId":"65","nodeType":"n8n-nodes-base.if","nodeName":"IF (Status é Concluído?)","nodeId":"65dc6fd0-b08f-4933-bde5-5b2244f1a402"}}
{"__type":"$$EventMessageConfirm","confirm":"333e505f-806d-42a3-9b6e-52549fba0927","ts":"2025-09-16T09:33:11.427-04:00","source":{"id":"0","name":"eventBus"}}
{"__type":"$$EventMessageNode","id":"6af35928-6363-4581-8268-df95c06496d3","ts":"2025-09-16T09:33:11.427-04:00","eventName":"n8n.node.finished","message":"n8n.node.finished","payload":{"workflowId":"N7rLTPGeamdIkxGf","workflowName":"Tasks - Alteração","executionId":"65","nodeType":"n8n-nodes-base.if","nodeName":"IF (Status é Concluído?)","nodeId":"65dc6fd0-b08f-4933-bde5-5b2244f1a402"}}
{"__type":"$$EventMessageConfirm","confirm":"6af35928-6363-4581-8268-df95c06496d3","ts":"2025-09-16T09:33:11.427-04:00","source":{"id":"0","name":"eventBus"}}
{"__type":"$$EventMessageNode","id":"7f9d66b4-ec37-4843-bb68-7d38e3eed063","ts":"2025-09-16T09:33:11.428-04:00","eventName":"n8n.node.started","message":"n8n.node.started","payload":{"workflowId":"N7rLTPGeamdIkxGf","workflowName":"Tasks - Alteração","executionId":"65","nodeType":"n8n-nodes-base.httpRequest","nodeName":"Tarefas - Concluído","nodeId":"bfe3e024-fbbe-4945-8cc3-a769830a85ff"}}
{"__type":"$$EventMessageConfirm","confirm":"7f9d66b4-ec37-4843-bb68-7d38e3eed063","ts":"2025-09-16T09:33:11.428-04:00","source":{"id":"0","name":"eventBus"}}
{"__type":"$$EventMessageNode","id":"9adfc43e-4839-4249-a54b-bc2546c02740","ts":"2025-09-16T09:33:11.968-04:00","eventName":"n8n.node.finished","message":"n8n.node.finished","payload":{"workflowId":"N7rLTPGeamdIkxGf","workflowName":"Tasks - Alteração","executionId":"65","nodeType":"n8n-nodes-base.httpRequest","nodeName":"Tarefas - Concluído","nodeId":"bfe3e024-fbbe-4945-8cc3-a769830a85ff"}}
{"__type":"$$EventMessageConfirm","confirm":"9adfc43e-4839-4249-a54b-bc2546c02740","ts":"2025-09-16T09:33:11.968-04:00","source":{"id":"0","name":"eventBus"}}
{"__type":"$$EventMessageWorkflow","id":"ec328e07-71a4-4423-b13e-4bd2dfa71310","ts":"2025-09-16T09:33:11.968-04:00","eventName":"n8n.workflow.success","message":"n8n.workflow.success","payload":{"executionId":"65","success":true,"isManual":false,"workflowId":"N7rLTPGeamdIkxGf","workflowName":"Tasks - Alteração"}}
{"__type":"$$EventMessageConfirm","confirm":"ec328e07-71a4-4423-b13e-4bd2dfa71310","ts":"2025-09-16T09:33:11.968-04:00","source":{"id":"0","name":"eventBus"}}
{"__type":"$$EventMessageWorkflow","id":"ccac48dc-d59a-4c1c-9abc-4c93013f738d","ts":"2025-09-16T09:41:25.273-04:00","eventName":"n8n.workflow.started","message":"n8n.workflow.started","payload":{"executionId":"66","workflowId":"b4C4iaUdQE2jC4CS","isManual":false,"workflowName":"Tasks - Novo"}}
{"__type":"$$EventMessageConfirm","confirm":"ccac48dc-d59a-4c1c-9abc-4c93013f738d","ts":"2025-09-16T09:41:25.274-04:00","source":{"id":"0","name":"eventBus"}}
{"__type":"$$EventMessageNode","id":"cdb7cf2c-3e2c-4ffe-9b9c-a8618e8de784","ts":"2025-09-16T09:41:25.274-04:00","eventName":"n8n.node.started","message":"n8n.node.started","payload":{"workflowId":"b4C4iaUdQE2jC4CS","workflowName":"Tasks - Novo","executionId":"66","nodeType":"n8n-nodes-base.notionTrigger","nodeName":"Notion Trigger","nodeId":"d6ae00c5-86ac-42e1-b3f2-33496733c059"}}
{"__type":"$$EventMessageConfirm","confirm":"cdb7cf2c-3e2c-4ffe-9b9c-a8618e8de784","ts":"2025-09-16T09:41:25.274-04:00","source":{"id":"0","name":"eventBus"}}
{"__type":"$$EventMessageNode","id":"e22d97fb-e36d-4003-ad8e-61aff162d2bd","ts":"2025-09-16T09:41:25.274-04:00","eventName":"n8n.node.finished","message":"n8n.node.finished","payload":{"workflowId":"b4C4iaUdQE2jC4CS","workflowName":"Tasks - Novo","executionId":"66","nodeType":"n8n-nodes-base.notionTrigger","nodeName":"Notion Trigger","nodeId":"d6ae00c5-86ac-42e1-b3f2-33496733c059"}}
{"__type":"$$EventMessageConfirm","confirm":"e22d97fb-e36d-4003-ad8e-61aff162d2bd","ts":"2025-09-16T09:41:25.274-04:00","source":{"id":"0","name":"eventBus"}}
{"__type":"$$EventMessageNode","id":"de2f49a0-cf65-4919-94ab-55bc5ddce3da","ts":"2025-09-16T09:41:25.274-04:00","eventName":"n8n.node.started","message":"n8n.node.started","payload":{"workflowId":"b4C4iaUdQE2jC4CS","workflowName":"Tasks - Novo","executionId":"66","nodeType":"n8n-nodes-base.if","nodeName":"If","nodeId":"637d1816-8cfa-4680-b730-0a7a004aacc0"}}
{"__type":"$$EventMessageConfirm","confirm":"de2f49a0-cf65-4919-94ab-55bc5ddce3da","ts":"2025-09-16T09:41:25.274-04:00","source":{"id":"0","name":"eventBus"}}
{"__type":"$$EventMessageNode","id":"f2f9ad92-0be8-45a2-86f9-b35a4e364e2a","ts":"2025-09-16T09:41:25.275-04:00","eventName":"n8n.node.finished","message":"n8n.node.finished","payload":{"workflowId":"b4C4iaUdQE2jC4CS","workflowName":"Tasks - Novo","executionId":"66","nodeType":"n8n-nodes-base.if","nodeName":"If","nodeId":"637d1816-8cfa-4680-b730-0a7a004aacc0"}}
{"__type":"$$EventMessageConfirm","confirm":"f2f9ad92-0be8-45a2-86f9-b35a4e364e2a","ts":"2025-09-16T09:41:25.275-04:00","source":{"id":"0","name":"eventBus"}}
{"__type":"$$EventMessageWorkflow","id":"80674a9a-cdba-49aa-b335-ce82d201a3c5","ts":"2025-09-16T09:41:25.275-04:00","eventName":"n8n.workflow.success","message":"n8n.workflow.success","payload":{"executionId":"66","success":true,"isManual":false,"workflowId":"b4C4iaUdQE2jC4CS","workflowName":"Tasks - Novo"}}
{"__type":"$$EventMessageConfirm","confirm":"80674a9a-cdba-49aa-b335-ce82d201a3c5","ts":"2025-09-16T09:41:25.275-04:00","source":{"id":"0","name":"eventBus"}}
{"__type":"$$EventMessageWorkflow","id":"5784cdd2-2f8d-4a7b-82ca-7924c819f4c5","ts":"2025-09-16T09:42:09.851-04:00","eventName":"n8n.workflow.started","message":"n8n.workflow.started","payload":{"executionId":"67","workflowId":"N7rLTPGeamdIkxGf","isManual":false,"workflowName":"Tasks - Alteração"}}
{"__type":"$$EventMessageConfirm","confirm":"5784cdd2-2f8d-4a7b-82ca-7924c819f4c5","ts":"2025-09-16T09:42:09.852-04:00","source":{"id":"0","name":"eventBus"}}
{"__type":"$$EventMessageNode","id":"f55beae3-a9ba-4441-8dcc-f38e7288217b","ts":"2025-09-16T09:42:09.852-04:00","eventName":"n8n.node.started","message":"n8n.node.started","payload":{"workflowId":"N7rLTPGeamdIkxGf","workflowName":"Tasks - Alteração","executionId":"67","nodeType":"n8n-nodes-base.notionTrigger","nodeName":"Notion Trigger","nodeId":"7685e600-f6a9-45e6-a8d2-c70def4b5802"}}
{"__type":"$$EventMessageConfirm","confirm":"f55beae3-a9ba-4441-8dcc-f38e7288217b","ts":"2025-09-16T09:42:09.852-04:00","source":{"id":"0","name":"eventBus"}}
{"__type":"$$EventMessageNode","id":"333e43c1-1501-4c89-86e1-977c692197d3","ts":"2025-09-16T09:42:09.852-04:00","eventName":"n8n.node.finished","message":"n8n.node.finished","payload":{"workflowId":"N7rLTPGeamdIkxGf","workflowName":"Tasks - Alteração","executionId":"67","nodeType":"n8n-nodes-base.notionTrigger","nodeName":"Notion Trigger","nodeId":"7685e600-f6a9-45e6-a8d2-c70def4b5802"}}
{"__type":"$$EventMessageConfirm","confirm":"333e43c1-1501-4c89-86e1-977c692197d3","ts":"2025-09-16T09:42:09.852-04:00","source":{"id":"0","name":"eventBus"}}
{"__type":"$$EventMessageNode","id":"54778c13-24fc-4e98-8d3d-c4f60dc6e25f","ts":"2025-09-16T09:42:09.852-04:00","eventName":"n8n.node.started","message":"n8n.node.started","payload":{"workflowId":"N7rLTPGeamdIkxGf","workflowName":"Tasks - Alteração","executionId":"67","nodeType":"n8n-nodes-base.if","nodeName":"IF (Projeto Existe?)","nodeId":"9b9df2ce-eef6-4fd0-a24f-d7f819880981"}}
{"__type":"$$EventMessageConfirm","confirm":"54778c13-24fc-4e98-8d3d-c4f60dc6e25f","ts":"2025-09-16T09:42:09.853-04:00","source":{"id":"0","name":"eventBus"}}
{"__type":"$$EventMessageNode","id":"58c9b5f5-30f4-444a-8161-638b721dca2b","ts":"2025-09-16T09:42:09.853-04:00","eventName":"n8n.node.finished","message":"n8n.node.finished","payload":{"workflowId":"N7rLTPGeamdIkxGf","workflowName":"Tasks - Alteração","executionId":"67","nodeType":"n8n-nodes-base.if","nodeName":"IF (Projeto Existe?)","nodeId":"9b9df2ce-eef6-4fd0-a24f-d7f819880981"}}
{"__type":"$$EventMessageConfirm","confirm":"58c9b5f5-30f4-444a-8161-638b721dca2b","ts":"2025-09-16T09:42:09.853-04:00","source":{"id":"0","name":"eventBus"}}
{"__type":"$$EventMessageNode","id":"42243f96-999a-4198-a993-a62b8ff18010","ts":"2025-09-16T09:42:09.853-04:00","eventName":"n8n.node.started","message":"n8n.node.started","payload":{"workflowId":"N7rLTPGeamdIkxGf","workflowName":"Tasks - Alteração","executionId":"67","nodeType":"n8n-nodes-base.notion","nodeName":"Get a database page","nodeId":"b3deed0a-4440-4055-96ac-0ec5fe545790"}}
{"__type":"$$EventMessageConfirm","confirm":"42243f96-999a-4198-a993-a62b8ff18010","ts":"2025-09-16T09:42:09.853-04:00","source":{"id":"0","name":"eventBus"}}
{"__type":"$$EventMessageNode","id":"228176d8-6e6f-44e9-ad29-48867bf04229","ts":"2025-09-16T09:42:10.222-04:00","eventName":"n8n.node.finished","message":"n8n.node.finished","payload":{"workflowId":"N7rLTPGeamdIkxGf","workflowName":"Tasks - Alteração","executionId":"67","nodeType":"n8n-nodes-base.notion","nodeName":"Get a database page","nodeId":"b3deed0a-4440-4055-96ac-0ec5fe545790"}}
{"__type":"$$EventMessageConfirm","confirm":"228176d8-6e6f-44e9-ad29-48867bf04229","ts":"2025-09-16T09:42:10.222-04:00","source":{"id":"0","name":"eventBus"}}
{"__type":"$$EventMessageNode","id":"cec39396-5a38-4119-97e4-0d1c1d50a7de","ts":"2025-09-16T09:42:10.222-04:00","eventName":"n8n.node.started","message":"n8n.node.started","payload":{"workflowId":"N7rLTPGeamdIkxGf","workflowName":"Tasks - Alteração","executionId":"67","nodeType":"n8n-nodes-base.if","nodeName":"IF (Status é Concluído?)","nodeId":"65dc6fd0-b08f-4933-bde5-5b2244f1a402"}}
{"__type":"$$EventMessageConfirm","confirm":"cec39396-5a38-4119-97e4-0d1c1d50a7de","ts":"2025-09-16T09:42:10.222-04:00","source":{"id":"0","name":"eventBus"}}
{"__type":"$$EventMessageNode","id":"a0c1fb7c-a8f9-428c-a32f-5a011512c88a","ts":"2025-09-16T09:42:10.223-04:00","eventName":"n8n.node.finished","message":"n8n.node.finished","payload":{"workflowId":"N7rLTPGeamdIkxGf","workflowName":"Tasks - Alteração","executionId":"67","nodeType":"n8n-nodes-base.if","nodeName":"IF (Status é Concluído?)","nodeId":"65dc6fd0-b08f-4933-bde5-5b2244f1a402"}}
{"__type":"$$EventMessageConfirm","confirm":"a0c1fb7c-a8f9-428c-a32f-5a011512c88a","ts":"2025-09-16T09:42:10.223-04:00","source":{"id":"0","name":"eventBus"}}
{"__type":"$$EventMessageNode","id":"805c905e-3369-410c-87df-3c1919f1be76","ts":"2025-09-16T09:42:10.223-04:00","eventName":"n8n.node.started","message":"n8n.node.started","payload":{"workflowId":"N7rLTPGeamdIkxGf","workflowName":"Tasks - Alteração","executionId":"67","nodeType":"n8n-nodes-base.httpRequest","nodeName":"Tarefas - Alteração","nodeId":"b124ac56-9452-4650-bf8d-ac5f6a7a6d44"}}
{"__type":"$$EventMessageConfirm","confirm":"805c905e-3369-410c-87df-3c1919f1be76","ts":"2025-09-16T09:42:10.223-04:00","source":{"id":"0","name":"eventBus"}}
{"__type":"$$EventMessageNode","id":"7aa50bca-95c4-4fec-b3e1-a3d91e9eed52","ts":"2025-09-16T09:42:11.361-04:00","eventName":"n8n.node.finished","message":"n8n.node.finished","payload":{"workflowId":"N7rLTPGeamdIkxGf","workflowName":"Tasks - Alteração","executionId":"67","nodeType":"n8n-nodes-base.httpRequest","nodeName":"Tarefas - Alteração","nodeId":"b124ac56-9452-4650-bf8d-ac5f6a7a6d44"}}
{"__type":"$$EventMessageConfirm","confirm":"7aa50bca-95c4-4fec-b3e1-a3d91e9eed52","ts":"2025-09-16T09:42:11.361-04:00","source":{"id":"0","name":"eventBus"}}
{"__type":"$$EventMessageWorkflow","id":"d10f5623-f613-4435-a835-114339494954","ts":"2025-09-16T09:42:11.361-04:00","eventName":"n8n.workflow.success","message":"n8n.workflow.success","payload":{"executionId":"67","success":true,"isManual":false,"workflowId":"N7rLTPGeamdIkxGf","workflowName":"Tasks - Alteração"}}
{"__type":"$$EventMessageConfirm","confirm":"d10f5623-f613-4435-a835-114339494954","ts":"2025-09-16T09:42:11.361-04:00","source":{"id":"0","name":"eventBus"}}
